CWT1F2WoTnui1CrdHiwd+zgyjhnYtczmr+jXfkMy0LTHygkEXNfuRebHqxSQIQqey7bXTi9UCOwhrvlZYWV+tfkr7CSTlgCcge5rYpFoNt0vZjiYTUV3RhNtswI=
abDmz2rvaBLj02VyY4LDaY7/dUhww97hMx4Z0rj1XGu28A9iZW3Mc8xl3ZnhTDMB/VXpNHZXrXz+FJ6ExTnljAEPUZv7M5OCiOmhQEmXJkurDWKzCw==
XrEbiTAE7jCDe//NcgSe9yrcHjbWzylklQQfInp6h2IxZwzrtyS5v1NSJybecJb1W1y4l8QfLl4Zi5vcwrj2x/jKp/OGMa8SUprDTR/3l8jWi8na1c4vpJT56dxg1dY7HJIPHKhCZexLJD3yzhN7FChOse//OFdPsyQ=
hlu4ry++LxmJ6O3mMt7uPVbcmbtDUR2xvHDpBlVCfxnee85h54gWaBHpr2EzdKzj/5RcsGQUf71nBJN7yzuhx8HKSq2bkDOzBCO5OXizEQ==
xPyMQD/bZdIWGuaUuUWiRquVjVqhhHZ3o4u/DGQCX93+tGklMB15jyGCS3HCS8J50+nCUF05Ewmn9DgLQ8SQiDD0S6VrNI+T/3tVb106xjVvMGdLSHNFEWyzBQ==
TfWOHPjIPhUi1O/5ykVVcKuVjVqhhHZ3o4u/DGQCX93+pWErNhJ43SGCS3HCS8J50+rCUF05Ewmn9DgLQ8SQiDD0S6VrNI+T/3tVb106xjVvMGdLSHNFEWyzBQ==
d5UxjUzJHDR5IEfvsTxzlVtE/hlvQivDhjy35yklr6Nmx2cE7TCogphvWVBbxOD/kvWpgE0Jbnd/5WNGEs7raQ/zn9zz34KehWqHMBRtQXgwkZ5vPIYHGLhmTbgLcJVWXpfzgIga+auvHH9bszA=
Rs35rRjtZdPDiSELhX/jAQNueDdcKzFoSejc70sTPef8tqYTb+GLclJ6A+2fl1co1KuKelUu74SU2Sk84HWWGxxyz3wo4qUMS0R9Uk7zO3QobnFPf1gXb7ME
wnyWG1NaYrVRUyxWpkhOf+GDMFWipCxC2EHXSLWUX0z1F0lfVsSjgbI8C0UcD4zq1F3zzpJGe9Fvqy8UNZfyxqWSlzgUZVGAEMnuJ/xOt0DY3t0wi/gF7r5PQ8jI0glzj2RvU7M4
oMzX38R4I9aq686tvwYaqOrXvBn7iXZ3q4mpHjAQXI3+8SRsZFMs3SGCS3HCS8J50+7CUF05Ewmn9DgLQ8SQiDD0S6VrNI+T/3tVb106xjVvMGdLSHNFEWyzBQ==
vpso1cDqVUT1ljiRE0dM7U8rOG4CKzFjVvjbvUIAc+b2/aYTb+GLclJ6A+2fl1co16uKelUu74SU2Sk84HWWGxxyz3wo4qUMS0R9Uk7zO3QobnFPf1gXb7ME
/U2iTe6COkgctx2QZRynYAP23llODtCpt3BbHsgLevrS8pNV/0/nYBNk+qJ1Vv+MlNE5RMCt5tPcOn+kSFo1hMvM7equq4u8aCaBF1+gB2ezDA==
jHDle/II/R2lIhAheCKjI5eiRRFasmKqS4xOIveJNM+exNBLeUB/+qb/joELAWfnn2gypN+vx0HzQkUiBgj9yFv+1CcVXtiDkhEsnOMu4CTxVuva4dDWZV/e+KA9fZd+Y1WzOg==
/t6ke/97Uu+/+zVDx+fHlbBBKhXMREDrpSMh2A0Ray0r+1ITVWvbhlKUiXMFbWDWYMmvMyHD3ZFfcg0LVl8EGmsIKkE2RRYKpR2n4g1dxJN0FUVdEl1rYXWFATQeByWcJgTmxF3JXewJP7kbU0ObonBZOQBxh/7rI11KsyM=
yy8fNWDofNwxQj+i01vV+nFf/XuPewNXWWjRJ0CqPYuu+BzalNbWsg5nGQoUkcyhpILHaf3CF6kmW8ZxP8+omZmJd7FbdESzp3TUwNzUJ61vJOvLI7sJN/mqQr3D0MsDjINhaVCzOQ==
L8bkhAEwrakTZuTLwkYk1B4mfgrFjynDwzvPr404pQ+cSgHjusjowpjW2qr6Vw1iKHEQidDSE5ExglsR8otyGWNvVDEN+cMp1/TIKxOEQGigdPtF23S/c+97RU+teraVn7D365izFXFcszU=
K4J0+Jtd80vmMa0qnwDcfaar9ZeymPuaETLrmNHY9F7V1QJeJXcMq4DZlh1kPwtGKPGJ39+thsBj4LIsT8dnqSMKB2vX4N2gS/bULwU2+GtCWWzUM8ZATGHea1JxuHaNj5a46O2VtxZzXbMy
kbAf6xBSd8pwH8eNipDRI7gBxZ4iaXNXz29lW2kDa6ATYwr6l28MUG5OHlZcJnzPu+6+wYblZkr1PZfi/b0UU8R1Nd+C/buhhWURNA5nVdx2pHZErSntrFlfyRtjY0tigPmJgOHnrqsTfVqzMw==
7YnwV0yr7p+CgJuTbVmwMQNueDdcKzFgS/7Ou0YaI7X8sO9HIbT5clJ6A+2fl1co2KqLelUu74SU2Sk84HWWGxxyz3wo4qUMS0R9Uk7zO3QobnFPf1gXb7ME
zBQFRc8HX1fc6lR++Et1a3qhmxu+mWwUN5r5kho5KCTi25tv8x1DIqnVmKN4DQE4leqncUnNZbT6zxmMarxiJJnRUdzVtx1bN0tHUvzBfSB1fzJ7XxVuswc=
1UZTfMF3Iwi0dFQWlAWawkdhgoRyOTaLWhH34t39tNNkNRXZobJbIeUl8TRup7VcFmRWRI3pTSz5n+kbg6Mr4mC56YABpw4rsz16sxM=
DFGyTr/WOs48BuL170kODydN3agVYUcvz8CyDI9n50njagKImIBdAAvW1A9FlngLArlstPMmwOyh/mtysRj2bU/2uAit9Te2M32zEg==
gptTUN04wGMoNFl2L22030VhgpVwLzKLWhH34t39tNNkNRXbobJbIeUl8TRup7VcFmRWRI3pTSz5n+kbg6Mr4mC56YABpw4rsz16sxM=
OVWog7MjXsy38rxyaQEdyidN274JfEcvz8CyDI9n50njagSImIBdAAvW1A9FlngLArlstPMmwOyh/mtysRj2bU/2uAit9Te2M32zEg==
f1e3P43tdIjYqOZMfeLziydN2qgbeUcvz8CyDI9n50njagWImIBdAAvW1A9FlngLArlstPMmwOyh/mtysRj2bU/2uAit9Te2M32zEg==
h6DsQIomHeMG71pjQopWCyR0isQ+hVcmQXZ3YFf8gKlWAFsCytzcgHDnE7YSvsu5z0P/THJILe7FumcAFF2hqHDhPv+8FmeoeLZtzguAtQYeJxMQCIpZW29MH2uzAA==
utB2rNzrOoLmQ7XqryjjM9B6FS4cljTNIjUzUbr8QyavqwLrm1gKbRnOq4yO5RNidyRSEe5F2AJSiiOd30f3uFg8ZSoVHg+0lOnJDKAldouc4m+saJKF+ks0XaKOo5vkqP4Rn79od1+zNA==
3ASBHXCCIrfeAImKytQmoGh0k9Ui5K+E/boqLCINSE0W+2ZujZyL2s0j9bw7J76z+AJzT1idlMb0iOSf2fy+sa3sZMSWT2D0yWKF7q6jAR1WHZdWMzN1U5Z3VVV8/lewGI69Jovo5T7+PyN4SCKpw880T0OzKA==
3ASBHXCCIrfeAImKytQmoGh0k9Ui5K+E/boqLCINSE0W+2ZujZyL2s0j9bw7J76z+AJzT1idlMb0iOSf2fy+sa3sZMSWT2D0yWKF7q6jAR1WHZdWMzN1U5Z3VVV8/lewGI69Jovo5T7+PyN4SCKpw880T0OzKA==
U+ixirg994E2cIuAw4WKOL6uz1f88AsPoG0JJhEoLOXnt6NUebrTwLQg4ZYzq1g5vk4pZNiuEefLpMYzYY4HZOnYQkWNMsGZT/YVZj2T1IN3EAJeNl8SNaml1YXdXND5nmAIoNIvKXBMdiILKop1lo/XvYeGY32R3Hr/5EiatUPLjG2qrmsLfGjmAVdf4Iens8w=
iQNc3tH7NU1V4zzbEzW2Bkcz+aMeV6UY1a7NueLjzQs7Dyau5q+ofjYkGXqnGX8PHuuQ5jgHKYXppI18o0JUo53SSBcKjYz4S8JQUEmtK56pHAYxBwIYhFVRZ0obabM+
P3BDtx3N5SOt6Xc18n4wdYxOxz0EiXoD8KQgDXaB+JLfSEQAG5S7heMxiu+ClGwUZ8a5UTAbC+HVReE0fkeFHMbExsQ9ib1sqX/eG3ODeyLQGRkAkUdea0MdarMD
7rOIVZDRyfNExcU5WI+PDd/4242Yog+Y1FQMv6lj2N23iAxpRuYQl1yK33QIqlWTy9wNmm77Kwzo1uHHH5And7Mc
KA3IxpbyNs76S2l4bx2dhHlb8XOKT1BNV1WeN1rjXon9wiD0pcPFog0iXxUC0oahrJbMSpCbR48SdtwIOZ/0x8WJbqAWaQK3pDLa297UJ61vJOvLJLsJN/mqQr3D0MsDjINhaVCzOQ==
gG3RqVCi7pGiFaeQu72BTLHP34SXyalMari1zolv755jAv+qJNzV76bqW7HgrckhZ+lhceyF7vsOtkgbu+oOTQbZ+usQfiV7J1oIZwAzUVtc/FWr0yQdhNInNn5BbGFiNyvHBR8PEwyQKS7H/G734Fi+nRSL2MUOPu+D6MiySRMPxK+zs9g=
XKyIlWwq/KukeRf++euHZx5hpJUnE6jvXt87ajVlP4YeKiey9ikh7+/oJFluRv0NpHTbBTv037MLe2WPDfoWVf+wF6v4M7UxfLMV
ZrNY5C/qucBOCrG22RrpzjfV4vL36NM2V8nVOpp5U2epHx8aHX/Ntemwg0BOVRSlRuRRb28l1JRBTSVcOzqu3ahyWBdPYmB6teI6BHXZVcwx70Wb6xPjwnhJ0cDZN3aLe21Sszs=
I8S5n4vc5vJWLv1I/3BHgPaEJ1eNrSoBhh6IHc/VDwesVF1eWt65kPkuSkoYFZvhkQm2gJ9cU/lIlmdcdNDki7mXkHk3LESdVtL4E/xOt0DY3t00i/gF7r5PQ8jI0glzj2RvU7M4
OsVN5luaZ3UOO/e6wLZYNxd+YCxRRiViWuLBrAkSMvb4qeNdYbXOPF9gK8W4qh9glOycN0kr6MW3kDwhpm6ALxxyz3wo4qUIS0R9Uk7zO3QobnFPf1gXb7ME
EKksZQ8FsKkQjR4+a6i3rippy9cvmVEZQ08tZlrmybgZBhoS2M3LiTHhBvgfpOOR6H63BDQINKPZv2BBNxS0tTb6KMu8FmeoeLZtzAuAtQYeJxMQCIpZW29MH2uzAA==
n9t3V73RP4EekmYmMalcBgNa5PIeq3ADdE8tZlrmybgZBhoS2M3LiTHhBvgfpOOR6H63BDQINKPZv2BBNxS0tTb6KMu8FmeoeLZtzAuAtQYeJxMQCIpZW29MH2uzAA==
jOevPy6ShHFVXVaHbGHI5HM1mRjFp93noeDaZE02kZyGhEg/f/eJC6qevwaHPwDEy7LEWmB9AfUsh/dWcHt+oPQd7CSTlgCcgeprYpFoNt0vZjiYTUV3RhNtswI=
v0gkSQEhUMBdV28PpBN36mh0k9Ui5K+E/boqLCINSE0W+2ZujZyL2s0j9bw7J76z+AJzT1idlMb0iOSf2fy+sa3sZMSWT2D0yWKF7q6jAR1WHZdWMzN1U5Z3VVV8/lewGI69JIvo5T7+PyN4SCKpw880T0OzKA==
+n8wvvYHILrQhychPgfHtR5hpJQnE6jvXt87ajVlP4YeKiey9ikh7+/oJFluRv0NpHTbBTv037MLe2WPDfoWVf+wF6v4M7UxfLMV
