4bwYHNYaYbAdNPQ0WlExpTgyjhnYtczmr+jXfkMy0LTHygkEXNfuRebHqxSQIQqey7bXTi9UCOwhrvlZYWV+tfkr7CSTlgCcge5vYpNoNt0vZjiYTUV3RhNtswI=
mN/a70AbjiSDa2szb1gsI47/dUhww97hMx4Z0rj1XGu28A9iZW3Mc8xl3ZnhTDMB/VXpNHZXrXz+FJ6ExTnljAEPUZ/7MZOCiOmhQEmXJkurDWKzCw==
3wQDa297wqtF9LFMzxDh5yrcHjbWzylklQQfInp6h2IxZwzrtyS5v1NSJybecJb1W1y4l8QfLl4Zi5vcwrj2x/jKp/OGMa8SUprDTR/3l8jWi8na1c4vpJT56dxg1dY7HJIPHKhCZexPJD/yzhN7FChOse//OFdPsyQ=
txBQmSmUjs0/uVJv36HCvlbcmbtDUR2xvHDpBlVCfxnee85h54gWaBHpr2EzdKzj/5RcsGQUf71nBJN7yz+hxcHKSq2bkDOzBCO5OXizEQ==
9u4x++87YCx/xyq9lo0SxquVjVqhhHZ3o4u/DGQCX93+tGklMB15jyGCS3HCS8J50+nCUF05Ewmn9DgLQ8SQiDD0S6VrNI+T/39VbV06xjVvMGdLSHNFEWyzBQ==
Fm51N3sPV4ifW63oSuUvoKuVjVqhhHZ3o4u/DGQCX93+pWErNhJ43SGCS3HCS8J50+rCUF05Ewmn9DgLQ8SQiDD0S6VrNI+T/39VbV06xjVvMGdLSHNFEWyzBQ==
uh0H+lkeTgum6jDwOCupXltE/hlvQivDhjy35yklr6Nmx2cE7TCogphvWVBbxOD/kvWpgE0Jbnd/5WNGEs7raQ/zn9zz34KehWqHMBRtQXgwkZ5vPIYHGLhmTbgPcJdWXpfzgIga+auvHH9bszA=
WHj2Qps4DBxSWW4Sd3hT8wNueDdcKzFoSejc70sTPef8tqYTb+GLclJ6A+2fl1co1KuKelUu74SU2Sk84HWWGxxyz3wo4qUMT0R/Uk7zO3QobnFPf1gXb7ME
LVM9cMSQX2+ZxWrVCEyG6eGDMFWipCxC2EHXSLWUX0z1F0lfVsSjgbI8C0UcD4zq1F3zzpJGe9Fvqy8UNZfyxqWSlzgUZVGAEMnuJ/xOt0DY3t0wj/gH7r5PQ8jI0glzj2RvU7M4
CJOGs0qQSzxEv5rMrpW4/OrXvBn7iXZ3q4mpHjAQXI3+8SRsZFMs3SGCS3HCS8J50+7CUF05Ewmn9DgLQ8SQiDD0S6VrNI+T/39VbV06xjVvMGdLSHNFEWyzBQ==
uiPM27Jg0cWiqavyO3/Q4k8rOG4CKzFjVvjbvUIAc+b2/aYTb+GLclJ6A+2fl1co16uKelUu74SU2Sk84HWWGxxyz3wo4qUMT0R/Uk7zO3QobnFPf1gXb7ME
ZnHhXRLpF97Y5s0BmJcYQQP23llODtCpt3BbHsgLevrS8pNV/0/nYBNk+qJ1Vv+MlNE5RMCt5tPcOn+kSFo1hM/M7+quq4u8aCaBF1+gB2ezDA==
jQ25ccvBnf5GcxbCt8O30ZeiRRFasmKqS4xOIveJNM+exNBLeUB/+qb/joELAWfnn2gypN+vx0HzQkUiBgj9yFv+1CcVXtiDkhEsnOMu4CTxVu/a49DWZV/e+KA9fZd+Y1WzOg==
goN4YbNdmE1rqLJItX/qbLBBKhXMREDrpSMh2A0Ray0r+1ITVWvbhlKUiXMFbWDWYMmvMyHD3ZFfcg0LVl8EGmsIKkE2RRYKpR2n4g1dxJN0FUVdEl1rYXWFATQeByWcJgTmxF3JXewJP7kfU0GbonBZOQBxh/7rI11KsyM=
RPxdUBtnaYY08D0RGIDGfXFf/XuPewNXWWjRJ0CqPYuu+BzalNbWsg5nGQoUkcyhpILHaf3CF6kmW8ZxP8+omZmJd7FbdESzp3TUwNzUJ61vJOvLI78JNfmqQr3D0MsDjINhaVCzOQ==
Jc8XRRM+OcYbovakhh35OR4mfgrFjynDwzvPr404pQ+cSgHjusjowpjW2qr6Vw1iKHEQidDSE5ExglsR8otyGWNvVDEN+cMp1/TIKxOEQGigdPtF23S/c+9/RU2teraVn7D365izFXFcszU=
wozN6aiewF8flbO9MPIUVaar9ZeymPuaETLrmNHY9F7V1QJeJXcMq4DZlh1kPwtGKPGJ39+thsBj4LIsT8dnqSMKB2vX4N2gS/bULwU2+GtCWWzUM8ZATGHeb1JzuHaNj5a46O2VtxZzXbMy
iWBVYJUrMqaG688QkyAqeLgBxZ4iaXNXz29lW2kDa6ATYwr6l28MUG5OHlZcJnzPu+6+wYblZkr1PZfi/b0UU8R1Nd+C/buhhWURNA5nVdx2pHZErSntrFlfyR9jYUtigPmJgOHnrqsTfVqzMw==
AHhyaPSWQZA9qCHGxhiXagNueDdcKzFgS/7Ou0YaI7X8sO9HIbT5clJ6A+2fl1co2KqLelUu74SU2Sk84HWWGxxyz3wo4qUMT0R/Uk7zO3QobnFPf1gXb7ME
zUxFFx/pWwLOABL3yCdxvHqhmxu+mWwUN5r5kho5KCTi25tv8x1DIqnVmKN4DQE4leqncUnNZbT6zxmMarxiJJnRUdzVtx1fN0lHUvzBfSB1fzJ7XxVuswc=
zMai/Li5QXAgamWw0dt2cEdhgoRyOTaLWhH34t39tNNkNRXZobJbIeUl8TRup7VcFmRWRI3pTSz5n+kfg6Er4mC56YABpw4rsz16sxM=
3ftkiHUQHJa6lJgLSiOZzCdN3agVYUcvz8CyDI9n50njagKImIBdAAvW1A9FlngLArlstPMmwOyh/m9ysxj2bU/2uAit9Te2M32zEg==
1epdSPlh9BamUHiPigffv0VhgpVwLzKLWhH34t39tNNkNRXbobJbIeUl8TRup7VcFmRWRI3pTSz5n+kfg6Er4mC56YABpw4rsz16sxM=
jaOs9PYs37WnONNkVT1dvSdN274JfEcvz8CyDI9n50njagSImIBdAAvW1A9FlngLArlstPMmwOyh/m9ysxj2bU/2uAit9Te2M32zEg==
jyBC97EwslnjazlTdkJvEidN2qgbeUcvz8CyDI9n50njagWImIBdAAvW1A9FlngLArlstPMmwOyh/m9ysxj2bU/2uAit9Te2M32zEg==
xbIRHyXo1qIyddj11pkJJCR0isQ+hVcmQXZ3YFf8gKlWAFsCytzcgHDnE7YSvsu5z0P/THJILe7FumcAFF2hqHDhPv+8FmeoeLZtyQ+AtwYeJxMQCIpZW29MH2uzAA==
Z8Hgp54Gb9ATTTj5QDSbJtB6FS4cljTNIjUzUbr8QyavqwLrm1gKbRnOq4yO5RNidyRSEe5F2AJSiiOd30f3uFg8ZSoVHg+0lOnJDKAldouc4m+saJKF/U80X6KOo5vkqP4Rn79od1+zNA==
DjNd0hczTcqoaJbYYTGyImh0k9Ui5K+E/boqLCINSE0W+2ZujZyL2s0j9bw7J76z+AJzT1idlMb0iOSf2fy+sa3sZMSWT2D0yWKF7q6jAR1WHZdWMzN1U5Z3VVV8/lewGI69IY/o5z7+PyN4SCKpw880T0OzKA==
DjNd0hczTcqoaJbYYTGyImh0k9Ui5K+E/boqLCINSE0W+2ZujZyL2s0j9bw7J76z+AJzT1idlMb0iOSf2fy+sa3sZMSWT2D0yWKF7q6jAR1WHZdWMzN1U5Z3VVV8/lewGI69IY/o5z7+PyN4SCKpw880T0OzKA==
HQcTWcVeOtnlofYlVU93NL6uz1f88AsPoG0JJhEoLOXnt6NUebrTwLQg4ZYzq1g5vk4pZNiuEefLpMYzYY4HZOnYQkWNMsGZT/YVZj2T1IN3EAJeNl8SNaml1YXdXND5nmAIoNIvKXBMdiILKop1lo/XvYeGY32R3Hr/5EiatUPPjG+qrmsLfGjmAVdf4Iens8w=
T6AyFjZaiA21PKiohoYAp0cz+aMeV6UY1a7NueLjzQs7Dyau5q+ofjYkGXqnGX8PHuuQ5jgHKYXppI18o0JUo53SSBcKjYz4S8JQUEmtL56rHAYxBwIYhFVRZ0obabM+
a+tPEEvqEDLBQ9rOyqBznYxOxz0EiXoD8KQgDXaB+JLfSEQAG5S7heMxiu+ClGwUZ8a5UTAbC+HVReE0fkeFHMbExsQ9ib1sqX/eH3OBeyLQGRkAkUdea0MdarMD
jicdfdqCAtkZPRblkb7At9/4242Yog+Y1FQMv6lj2N23iAxpRuYQl1yK33QIqlWTz9wPmm77Kwzo1uHHH5And7Mc
KOq440+Gy992r9Evsye3mXlb8XOKT1BNV1WeN1rjXon9wiD0pcPFog0iXxUC0oahrJbMSpCbR48SdtwIOZ/0x8WJbqAWaQK3pDLa297UJ61vJOvLJL8JNfmqQr3D0MsDjINhaVCzOQ==
m4CkcQSSDVbEIfAVhJw9I7HP34SXyalMari1zolv755jAv+qJNzV76bqW7HgrckhZ+lhceyF7vsOtkgbu+oOTQbZ+usQfiV7J1oIZwAzUVtc/FWr0yQdhNInNn5BbGFiNyvHBR8PEwyQKS7H/G734Fi+nReP2McOPu+D6MiySRMPxK+zs9g=
feTBuWLM91tmywV+mq+MfR5hpJUnE6jvXt87ajVlP4YeKiey9ikh7+/oJFluRv0NpHTbBTv037MIf2WNDfoWVf+wF6v4M7UxfLMV
K0wTNU7M0YZhlDKq8wnf+DfV4vL36NM2V8nVOpp5U2epHx8aHX/Ntemwg0BOVRSlRuRRb28l1JRBTSVcOzqu3ahyWBdPYmB6teI6BHXZVcwx70af6xHjwnhJ0cDZN3aLe21Sszs=
rcBXiuC+ZI1E9L4drnXJuvaEJ1eNrSoBhh6IHc/VDwesVF1eWt65kPkuSkoYFZvhkQm2gJ9cU/lIlmdcdNDki7mXkHk3LESdVtL4E/xOt0DY3t03j/gH7r5PQ8jI0glzj2RvU7M4
0r3QRiWthGukkhUFBztrqxd+YCxRRiViWuLBrAkSMvb4qeNdYbXOPF9gK8W4qh9glOycN0kr6MW3kDwhpm6ALxxyz3wo4qULT0R/Uk7zO3QobnFPf1gXb7ME
JtYitXH6YBPomPi424S1DSppy9cvmVEZQ08tZlrmybgZBhoS2M3LiTHhBvgfpOOR6H63BDQINKPZv2BBNxS0tTb6KMu8FmeoeLZtzw+AtwYeJxMQCIpZW29MH2uzAA==
SmCZkmF6D+clCetVvkFBKQNa5PIeq3ADdE8tZlrmybgZBhoS2M3LiTHhBvgfpOOR6H63BDQINKPZv2BBNxS0tTb6KMu8FmeoeLZtzw+AtwYeJxMQCIpZW29MH2uzAA==
82gICphR7w4/HgcdXXT+y3M1mRjFp93noeDaZE02kZyGhEg/f/eJC6qevwaHPwDEy7LEWmB9AfUsh/dWcHt+oPQd7CSTlgCcgepvYpNoNt0vZjiYTUV3RhNtswI=
a4YXrWEzb8dmVPe0XQlt3mh0k9Ui5K+E/boqLCINSE0W+2ZujZyL2s0j9bw7J76z+AJzT1idlMb0iOSf2fy+sa3sZMSWT2D0yWKF7q6jAR1WHZdWMzN1U5Z3VVV8/lewGI69JI/o5z7+PyN4SCKpw880T0OzKA==
2rgWXiP3raHV+kgPbwm+dB5hpJQnE6jvXt87ajVlP4YeKiey9ikh7+/oJFluRv0NpHTbBTv037MLf2WNDfoWVf+wF6v4M7UxfLMV
knsJOH4O0InP2zvEvLUOAVqx+kifPJNZyHKlMnTwpCs591BZNwyE/dZyuDP8LnegWH4dVosYRk4+LwMoyPLJ0w+EL3OzGA==
pWhhCYm2Tmw9AMJ7Qz2QQUk//dh9S5m9HI9UWBoMYcpdbX/3rXkj6bf0KGtzBOAogHTbBTv037MJe2WMDfoWVf+wF6v4M7UxfLMV
eIhkkNYCCGPdFDuezkxcKjT2+FW7pmre2fVRTaACL1wk9Ctly7Qv0xl7daw9uqb1TzCHC6jz5dEMs2U=
tiUGjHF+KCNjsYo1OkVKu4YgOMJxdxrhIlhu8h+NTGC7inBoGUSrRpoU5kmXqlicJZnH8ssBs2Y=
eIhkkNYCCGPdFDuezkxcKjT2+FW7pmre2fVRTaACL1wk9Ctly7Qv0xl7daw9uqb1TzCHC6jz5dEMs2U=
tiUGjHF+KCNjsYo1OkVKu4YgOMJxdxrhIlhu8h+NTGC7inBoGUSrRpoU5kmXqlicJZnH8ssBs2Y=
DbIQdXRcQJJqzEyyZzr2RXM1mRjFp93noeDaZE02kZyGhEg/f/eJC6qevwaHPwDAybzEWmB9AfUsh/dWcHt+oPQd7CSTlgCcgehrYpJoNt0vZjiYTUV3RhNtswI=
AOXiYhp1mA9JYHY+nN/KBgNa5PIeq3ADdE8tZlrmybgZBhoS2M3LiTHhBvgfpOOR6Hq1CjQINKPZv2BBNxS0tTb6KMu8FmeoeLZtzguAtgYeJxMQCIpZW29MH2uzAA==
+IUtQ/2W48hJjRBOwl/wRCppy9cvmVEZQ08tZlrmybgZBhoS2M3LiTHhBvgfpOOR6Hq1CjQINKPZv2BBNxS0tTb6KMu8FmeoeLZtzguAtgYeJxMQCIpZW29MH2uzAA==
MGQmLV2AeaGtfA5BSRcY8Rd+YCxRRiViWuLBrAkSMvb4qeNdYbXOPF9gK8W4rh1ulOycN0kr6MW3kDwhpm6ALxxyz3wo4qUKS0R+Uk7zO3QobnFPf1gXb7ME
qv00tuxJfI9MMqLSJG+I5vaEJ1eNrSoBhh6IHc/VDwesVF1eWt65kPkuSkoYFZvhkQm2gJ9cU/lIkmVSdNDki7mXkHk3LESdVtL4E/xOt0DY3t02i/gG7r5PQ8jI0glzj2RvU7M4
aSrs7REYfj4JxMYRqEb5/TfV4vL36NM2V8nVOpp5U2epHx8aHX/Ntemwg0BOVRSlRuRRb28l1JRFTytcOzqu3ahyWBdPYmB6teI6BHXZVcwx70eb6xDjwnhJ0cDZN3aLe21Sszs=
337L2DziCpx+wD70rQi54c74Ak0Pv2iwEo9IPLacKMzf0tFbdAoxqeO+h5oHUyKTn2U/y9anwDLgWEkoAQj9yFv+1CcVXtiDkhEsnOMu4CTxUOva4tDWZV/e+KA9fZd+Y1WzOg==
PuwSD7WutdaUVvKEidPtye3Gqw31jDM+uon+BXMQWs7wtWUvJQdpky/bDlCkP+wtk6yVAxsnDAn68zVKXpu4hRL0S6VrNI+T+HtVbF06xjVvMGdLSHNFEWyzBQ==
DXDakB7KoJBOkyuBrXtlrMbIGDLLbcVppM2WXolF+i2DGp8+5hE=
DXDakB7KoJBOkyuBrXtlrMbIGDLLbcVppM2WXolF+i2DGp8+5hE=
