+SbLDspFejZlHG/3S/gqCTgyjhnYtczmr+jXfkMy0LTHygkEXNfuRebHqxSQIQqey7bXTi9UCOwhrvlZYWV+tfkr7CSTlgCcge9rYpFoNt0vZjiYTUV3RhNtswI=
dmYQagcbPlUV0/Bm+Kr6JY7/dUhww97hMx4Z0rj1XGu28A9iZW3Mc8xl3ZnhTDMB/VXpNHZXrXz+FJ6ExTnljAEPUJv7M5OCiOmhQEmXJkurDWKzCw==
FsYewjiZGD4e/p4Rtvn4CSrcHjbWzylklQQfInp6h2IxZwzrtyS5v1NSJybecJb1W1y4l8QfLl4Zi5vcwrj2x/jKp/OGMa8SUprDTR/3l8jWi8na1c4vpJT56dxg1dY7HJIPHKhCZe1LJD3yzhN7FChOse//OFdPsyQ=
EwQbC5j4p6HNA82ANQlmslbcmbtDUR2xvHDpBlVCfxnee85h54gWaBHpr2EzdKzj/5RcsGQUf71nBJN7yjuhx8HKSq2bkDOzBCO5OXizEQ==
iIpTc3UG68aBuSirRtM8q6uVjVqhhHZ3o4u/DGQCX93+tGklMB15jyGCS3HCS8J50+nCUF05Ewmn9DgLQ8SQiDD0S6VrNI+T/ntVb106xjVvMGdLSHNFEWyzBQ==
NOKlzaCH4gz+izojGGGeDauVjVqhhHZ3o4u/DGQCX93+pWErNhJ43SGCS3HCS8J50+rCUF05Ewmn9DgLQ8SQiDD0S6VrNI+T/ntVb106xjVvMGdLSHNFEWyzBQ==
RO3kUu0ZnbOabeYQLaOxmFtE/hlvQivDhjy35yklr6Nmx2cE7TCogphvWVBbxOD/kvWpgE0Jbnd/5WNGEs7raQ/zn9zz34KehWqHMBRtQXgwkZ5vPIYHGLhmTbkLcJVWXpfzgIga+auvHH9bszA=
X/GDb82I7hsyMzlzKols9gNueDdcKzFoSejc70sTPef8tqYTb+GLclJ6A+2fl1co1KuKelUu74SU2Sk84HWWGxxyz3wo4qUNS0R9Uk7zO3QobnFPf1gXb7ME
mKqz7Y1elhTD6IUQar+YneGDMFWipCxC2EHXSLWUX0z1F0lfVsSjgbI8C0UcD4zq1F3zzpJGe9Fvqy8UNZfyxqWSlzgUZVGAEMnuJ/xOt0DY3t0xi/gF7r5PQ8jI0glzj2RvU7M4
EsUgSZLd8j5+E+TzdaWlmerXvBn7iXZ3q4mpHjAQXI3+8SRsZFMs3SGCS3HCS8J50+7CUF05Ewmn9DgLQ8SQiDD0S6VrNI+T/ntVb106xjVvMGdLSHNFEWyzBQ==
34tPlRjMkt1fgn4awsNzqk8rOG4CKzFjVvjbvUIAc+b2/aYTb+GLclJ6A+2fl1co16uKelUu74SU2Sk84HWWGxxyz3wo4qUNS0R9Uk7zO3QobnFPf1gXb7ME
B5W0LdAAp0pIZlr3Z5guGQP23llODtCpt3BbHsgLevrS8pNV/0/nYBNk+qJ1Vv+MlNE5RMCt5tPcOn+kSFo1hcvM7equq4u8aCaBF1+gB2ezDA==
DtKM3Uf3zYoFlm9Luw4j51WZQgNhuL9uNoG378L5HNqZi5i3BSMhbLb2vv3MM7RNuQLT4VrrKqmbrQ1gNRnrOd/0wDs75Hi4eDSD9QOUFwNm+83/xdpuZSfwrztgk31hVLM9
IRWxHM89LhbOWAt4zGhNFJeiRRFasmKqS4xOIveJNM+exNBLeUB/+qX/joELAWfnn2gypN+vx0HzQkUiBgj9yFv+1CcVXtiDkhEsnOMu4CTxV+va4dDWZV/e+KA9fZd+Y1WzOg==
2/H69kTV/N5aLaCAt9m15rBBKhXMREDrpSMh2A0Ray0r+1ITVWvbhlKUiXMFbWDWYMmvMyHD3ZFfcg0LVl8EGmsIKkE2RRYKpR2n4g1dxJN0FUVdEl1rYXWFATQeByWcJgTmxF3JXewJP7gbU0ObonBZOQBxh/7rI11KsyM=
jBLAnAyNXxiEZIGvx/SpUnFf/XuPewNXWWjRJ0CqPYuu+BzalNbWsg5nGQoUkcyhpILHaf3CF6kmW8ZxP8+omZmJd7FbdESzp3TUwNzUJ61vJOvLIrsJN/mqQr3D0MsDjINhaVCzOQ==
rs9TUr0o5LppAndDQeLVRgNueDdcKzFgS/7Ou0YaI7X8sO9HIbT5clJ6A+2fl1co2KqLelUu74SU2Sk84HWWGxxyz3wo4qUNS0R9Uk7zO3QobnFPf1gXb7ME
MkF51eoSrltHgyH4e79nKXqhmxu+mWwUN5r5kho5KCTi25tv8x1DIqnVmKN4DQE4leqncUnNZbT6zxmMarxiJJnRUdzVtxxbN0tHUvzBfSB1fzJ7XxVuswc=
Lzzt4+hYMDqbYMtoc/+SgkdhgoRyOTaLWhH34t39tNNkNRXZobJbIeUl8TRup7VcFmRWRI3pTSz5n+gbg6Mr4mC56YABpw4rsz16sxM=
wBcaJODmXAfL5NNJz1P8cCdN3agVYUcvz8CyDI9n50njagKImIBdAAvW1A9FlngLArlstPMmwOyh/2tysRj2bU/2uAit9Te2M32zEg==
ufB6C01RN9HJ7dlbJ7t9AEVhgpVwLzKLWhH34t39tNNkNRXbobJbIeUl8TRup7VcFmRWRI3pTSz5n+gbg6Mr4mC56YABpw4rsz16sxM=
BdcY4z/qv0pBliV/5fmhmSdN274JfEcvz8CyDI9n50njagSImIBdAAvW1A9FlngLArlstPMmwOyh/2tysRj2bU/2uAit9Te2M32zEg==
S4abNdZ8Tl3BVrlAT8YeEydN2qgbeUcvz8CyDI9n50njagWImIBdAAvW1A9FlngLArlstPMmwOyh/2tysRj2bU/2uAit9Te2M32zEg==
A0Aq4kIlxjbDiAfODUQmmC7fofj358s/ZdnVOoJ5B3aNRwIcHTbc+u/xk1JfQh3kQPEfYnUN/LN8BW0ZeiPjwa11GTQGd308rvQOBHXZVcwx70Cb6xPjwnhJ0cDZN3aLe21Sszs=
9qN7VJdPZA1soxKMkSm0MPjr5tLTRPLr3q1mErVHH1QZhPiogRBKd3Cx4+PH2WvJ0VCdAQLF2KvHqB4qBlkS/Zfl1zqAXUZDXKofFIgKFXXLvM067htrLOi2IWefcGdXszw=
