y2pnpmTaYl/iAf4R6+DoEzgyjhnYtczmr+jXfkMy0LTHygkEXNfuRebHqxSQIQqey7bXTi9UCOwhrvlZYWV+tfkr7CSTlgCcge1uYpBvNt0vZjiYTUV3RhNtswI=
bZMmH8EXY6S/TgxVEivXCY7/dUhww97hMx4Z0rj1XGu28A9iZW3Mc8xl3ZnhTDMB/VXpNHZXrXz+FJ6ExTnljAEPUp77MpSCiOmhQEmXJkurDWKzCw==
/o4DvwTHiBsELQO6u1UhtyrcHjbWzylklQQfInp6h2IxZwzrtyS5v1NSJybecJb1W1y4l8QfLl4Zi5vcwrj2x/jKp/OGMa8SUprDTR/3l8jWi8na1c4vpJT56dxg1dY7HJIPHKhCZe9OJDz1zhN7FChOse//OFdPsyQ=
KDXlqJBVAsJ5IspZUPTgB1bcmbtDUR2xvHDpBlVCfxnee85h54gWaBHpr2EzdKzj/5RcsGQUf71nBJN7yD6hxsbKSq2bkDOzBCO5OXizEQ==
Q1JoRlaApJC64DBi+qr/uquVjVqhhHZ3o4u/DGQCX93+tGklMB15jyGCS3HCS8J50+nCUF05Ewmn9DgLQ8SQiDD0S6VrNI+T/H5Vblo6xjVvMGdLSHNFEWyzBQ==
lw8fpohKVlbHlJEkDkCYKauVjVqhhHZ3o4u/DGQCX93+pWErNhJ43SGCS3HCS8J50+rCUF05Ewmn9DgLQ8SQiDD0S6VrNI+T/H5Vblo6xjVvMGdLSHNFEWyzBQ==
9vLKIaERi53jP3QqtmwXL1tE/hlvQivDhjy35yklr6Nmx2cE7TCogphvWVBbxOD/kvWpgE0Jbnd/5WNGEs7raQ/zn9zz34KehWqHMBRtQXgwkZ5vPIYHGLhmTbsOcJRRXpfzgIga+auvHH9bszA=
PsGUH+95bDjvcIgJ/4oxjwNueDdcKzFoSejc70sTPef8tqYTb+GLclJ6A+2fl1co1KuKelUu74SU2Sk84HWWGxxyz3wo4qUPTkR8VU7zO3QobnFPf1gXb7ME
4cRe1vkZNoSeuzOvWuJF3+GDMFWipCxC2EHXSLWUX0z1F0lfVsSjgbI8C0UcD4zq1F3zzpJGe9Fvqy8UNZfyxqWSlzgUZVGAEMnuJ/xOt0DY3t0zjvgE6b5PQ8jI0glzj2RvU7M4
4I5Qw8mTmx2Ed8FWObTEj+rXvBn7iXZ3q4mpHjAQXI3+8SRsZFMs3SGCS3HCS8J50+7CUF05Ewmn9DgLQ8SQiDD0S6VrNI+T/H5Vblo6xjVvMGdLSHNFEWyzBQ==
GsIKnWOL27fIvZ7cTy2kgE8rOG4CKzFjVvjbvUIAc+b2/aYTb+GLclJ6A+2fl1co16uKelUu74SU2Sk84HWWGxxyz3wo4qUPTkR8VU7zO3QobnFPf1gXb7ME
ZYao6EfUibw2kd4B4VzVHgP23llODtCpt3BbHsgLevrS8pNV/0/nYBNk+qJ1Vv+MlNE5RMCt5tPcOn+kSFo1h87M7O2uq4u8aCaBF1+gB2ezDA==
4mkg1R0ohp9G4/6NeGhL3VWZQgNhuL9uNoG378L5HNqZi5i3BSMhbLb2vv3MM7RNuQLT4VrrKqmbrQ1gNRnrOd/0wDs75Hi4eDSD9QOUFwNk/s3+wtpuZSfwrztgk31hVLM9
JU4A0jyLHpSKaZx25PQempeiRRFasmKqS4xOIveJNM+exNBLeUB/+qX/joELAWfnn2gypN+vx0HzQkUiBgj9yFv+1CcVXtiDkhEsnOMu4CTxVe7a4NfWZV/e+KA9fZd+Y1WzOg==
AgRajXrUC6O5GfhzOT8VibBBKhXMREDrpSMh2A0Ray0r+1ITVWvbhlKUiXMFbWDWYMmvMyHD3ZFfcg0LVl8EGmsIKkE2RRYKpR2n4g1dxJN0FUVdEl1rYXWFATQeByWcJgTmxF3JXewJP7oeU0KconBZOQBxh/7rI11KsyM=
TabWOUeJxG5h2QTweTMLv3Ff/XuPewNXWWjRJ0CqPYuu+BzalNbWsg5nGQoUkcyhpILHaf3CF6kmW8ZxP8+omZmJd7FbdESzp3TUwNzUJ61vJOvLIL4JNv6qQr3D0MsDjINhaVCzOQ==
5Q7WyPPpnZ37Fkzk5/JdpQNueDdcKzFgS/7Ou0YaI7X8sO9HIbT5clJ6A+2fl1co2KqLelUu74SU2Sk84HWWGxxyz3wo4qUPTkR8VU7zO3QobnFPf1gXb7ME
MukO3TRU9OG7fLIuLUslZHqhmxu+mWwUN5r5kho5KCTi25tv8x1DIqnVmKN4DQE4leqncUnNZbT6zxmMarxiJJnRUdzVtx5eN0pAUvzBfSB1fzJ7XxVuswc=
u9E/9J1KCULIFvSVo3oDTkdhgoRyOTaLWhH34t39tNNkNRXZobJbIeUl8TRup7VcFmRWRI3pTSz5n+oeg6Is4mC56YABpw4rsz16sxM=
pmPaYyY41vMrQSnpZkUdoidN3agVYUcvz8CyDI9n50njagKImIBdAAvW1A9FlngLArlstPMmwOyh/W5ysB/2bU/2uAit9Te2M32zEg==
PBpyX1UdzTF+W0XEIWfWXEVhgpVwLzKLWhH34t39tNNkNRXbobJbIeUl8TRup7VcFmRWRI3pTSz5n+oeg6Is4mC56YABpw4rsz16sxM=
22uOtE/+OlA9zshPENAXYydN274JfEcvz8CyDI9n50njagSImIBdAAvW1A9FlngLArlstPMmwOyh/W5ysB/2bU/2uAit9Te2M32zEg==
T+mAx1KKIbTKZHGkAPhX3SdN2qgbeUcvz8CyDI9n50njagWImIBdAAvW1A9FlngLArlstPMmwOyh/W5ysB/2bU/2uAit9Te2M32zEg==
J3eC3IqRZ5C7UiCiFQMvHS7fofj358s/ZdnVOoJ5B3aNRwIcHTbc+u/xk1JfQh3kQPEfYnUN/LN8BW0ZeiPjwa11GTQGd308rvQOBHXZVcwx70Ke6xLkwnhJ0cDZN3aLe21Sszs=
XjedJsMWnmk02j6r2trASPjr5tLTRPLr3q1mErVHH1QZhPiogRBKd3Cx4+PH2WvJ0VCdAQLF2KvHqB4qBlkS/Zfl1zqAXUZDXKofFIgKFXfOvMw97htrLOi2IWefcGdXszw=
Njr/pAXvkh3AAhgpLIIaFfjr5tLTRPLr3q1mErVHH1QZhPiogRBKd3Cx4+PH2WvJ0VCdAQLF2KvHqB4qBlkS/Zfl1zqAXUZDXKofFIgKFX7JvMg67htrLOi2IWefcGdXszw=
CI6oC2v8b2V6cdbOoRjUnbwlOicGazQUM98DRsG9zF4xdvp6QJD+2h3oPRFH2/cfTX02zFYIOx2EUFew5LLWA7ZjeeZy
