aR+kROadoqZW6m9SWDJEJzgyjhnYtczmr+jXfkMy0LTHygkEXNfuRebHqxSQIQqey7bXTi9UCOwhrvlZYWV+tfkr7CSTlgCcgeVvYpBvNt0vZjiYTUV3RhNtswI=
qMsRXUyJdSy9KO9qFfjEpY7/dUhww97hMx4Z0rj1XGu28A9iZW3Mc8xl3ZnhTDMB/VXpNHZXrXz+FJ6ExTnljAEPWp/7MpSCiOmhQEmXJkurDWKzCw==
Lv4sYP5MSM4XFJxS304OOircHjbWzylklQQfInp6h2IxZwzrtyS5v1NSJybecJb1W1y4l8QfLl4Zi5vcwrj2x/jKp/OGMa8SUprDTR/3l8jWi8na1c4vpJT56dxg1dY7HJIPHKhCZedPJDz1zhN7FChOse//OFdPsyQ=
ajZRLq1ByBBB3G47xQ+ZDVbcmbtDUR2xvHDpBlVCfxnee85h54gWaBHpr2EzdKzj/5RcsGQUf71nBJN7wD+hxsbKSq2bkDOzBCO5OXizEQ==
eW6gqYAgH0gh4gZ9KlWZ9KuVjVqhhHZ3o4u/DGQCX93+tGklMB15jyGCS3HCS8J50+nCUF05Ewmn9DgLQ8SQiDD0S6VrNI+T9H9Vblo6xjVvMGdLSHNFEWyzBQ==
nepuooZcyAwPGKyAVZAGvauVjVqhhHZ3o4u/DGQCX93+pWErNhJ43SGCS3HCS8J50+rCUF05Ewmn9DgLQ8SQiDD0S6VrNI+T9H9Vblo6xjVvMGdLSHNFEWyzBQ==
s22hcg2XqSGSn9JiFbiVl1tE/hlvQivDhjy35yklr6Nmx2cE7TCogphvWVBbxOD/kvWpgE0Jbnd/5WNGEs7raQ/zn9zz34KehWqHMBRtQXgwkZ5vPIYHGLhmTbMPcJRRXpfzgIga+auvHH9bszA=
GateQx6PhR95uOpYqfyEXwNueDdcKzFoSejc70sTPef8tqYTb+GLclJ6A+2fl1co1KuKelUu74SU2Sk84HWWGxxyz3wo4qUHT0R8VU7zO3QobnFPf1gXb7ME
T1SQieABbzJPxlnNuQb+/+GDMFWipCxC2EHXSLWUX0z1F0lfVsSjgbI8C0UcD4zq1F3zzpJGe9Fvqy8UNZfyxqWSlzgUZVGAEMnuJ/xOt0DY3t07j/gE6b5PQ8jI0glzj2RvU7M4
KqDe8eeh8+0InyZHhuysserXvBn7iXZ3q4mpHjAQXI3+8SRsZFMs3SGCS3HCS8J50+7CUF05Ewmn9DgLQ8SQiDD0S6VrNI+T9H9Vblo6xjVvMGdLSHNFEWyzBQ==
kC70h0KxSNDtMkceFXgb008rOG4CKzFjVvjbvUIAc+b2/aYTb+GLclJ6A+2fl1co16uKelUu74SU2Sk84HWWGxxyz3wo4qUHT0R8VU7zO3QobnFPf1gXb7ME
173qbX6wVdcWpJFgmCkOpgP23llODtCpt3BbHsgLevrS8pNV/0/nYBNk+qJ1Vv+MlNE5RMCt5tPcOn+kSFo1j8/M7O2uq4u8aCaBF1+gB2ezDA==
gsXXqUo9/K8Ka3Hh2fmFIJeiRRFasmKqS4xOIveJNM+exNBLeUB/+qb/joELAWfnn2gypN+vx0HzQkUiBgj9yFv+1CcVXtiDkhEsnOMu4CTxXe/a4NfWZV/e+KA9fZd+Y1WzOg==
A+nn8WoupmDGyRQYzFQpnrBBKhXMREDrpSMh2A0Ray0r+1ITVWvbhlKUiXMFbWDWYMmvMyHD3ZFfcg0LVl8EGmsIKkE2RRYKpR2n4g1dxJN0FUVdEl1rYXWFATQeByWcJgTmxF3JXewJP7IfU0KconBZOQBxh/7rI11KsyM=
fUikWSxwXv22fSp6M2BWQnFf/XuPewNXWWjRJ0CqPYuu+BzalNbWsg5nGQoUkcyhpILHaf3CF6kmW8ZxP8+omZmJd7FbdESzp3TUwNzUJ61vJOvLKL8JNv6qQr3D0MsDjINhaVCzOQ==
n29GudqlDBXLacIip9ObPh4mfgrFjynDwzvPr404pQ+cSgHjusjowpjW2qr6Vw1iKHEQidDSE5ExglsR8otyGWNvVDEN+cMp1/TIKxOEQGigdPtF23S/c+R/RU6qeraVn7D365izFXFcszU=
RcUfYReVMpFQk9kohr0HcKar9ZeymPuaETLrmNHY9F7V1QJeJXcMq4DZlh1kPwtGKPGJ39+thsBj4LIsT8dnqSMKB2vX4N2gS/bULwU2+GtCWWzUM8ZATGHVb1Jwv3aNj5a46O2VtxZzXbMy
0MA3AiWsVWpUbl0B+C9rv7gBxZ4iaXNXz29lW2kDa6ATYwr6l28MUG5OHlZcJnzPu+6+wYblZkr1PZfi/b0UU8R1Nd+C/buhhWURNA5nVdx2pHZErSntrFlfwh9jYkxigPmJgOHnrqsTfVqzMw==
azKiu+sR8rLJ4YsGG02U2ANueDdcKzFgS/7Ou0YaI7X8sO9HIbT5clJ6A+2fl1co2KqLelUu74SU2Sk84HWWGxxyz3wo4qUHT0R8VU7zO3QobnFPf1gXb7ME
llqD81nC1gcLrXomgFN/y3qhmxu+mWwUN5r5kho5KCTi25tv8x1DIqnVmKN4DQE4leqncUnNZbT6zxmMarxiJJnRUdzVtxZfN0pAUvzBfSB1fzJ7XxVuswc=
WFJYFukIi3N1a3TBp6Dxc0dhgoRyOTaLWhH34t39tNNkNRXZobJbIeUl8TRup7VcFmRWRI3pTSz5n+Ifg6Is4mC56YABpw4rsz16sxM=
bIFWwNh828FTge/s3PexYSdN3agVYUcvz8CyDI9n50njagKImIBdAAvW1A9FlngLArlstPMmwOyh9W9ysB/2bU/2uAit9Te2M32zEg==
m9PGkOQwUzDyiUfqpDzeWUVhgpVwLzKLWhH34t39tNNkNRXbobJbIeUl8TRup7VcFmRWRI3pTSz5n+Ifg6Is4mC56YABpw4rsz16sxM=
EwpfwwW74iooZxA1dNwJzSdN274JfEcvz8CyDI9n50njagSImIBdAAvW1A9FlngLArlstPMmwOyh9W9ysB/2bU/2uAit9Te2M32zEg==
E26Yp+dUsLColhN2xC7LPydN2qgbeUcvz8CyDI9n50njagWImIBdAAvW1A9FlngLArlstPMmwOyh9W9ysB/2bU/2uAit9Te2M32zEg==
g9tRHonXyEbffvOOBOtkPiR0isQ+hVcmQXZ3YFf8gKlWAFsCytzcgHDnE7YSvsu5z0P/THJILe7FumcAFF2hqHDhPv+8FmeoeLZtyw6AtAEeJxMQCIpZW29MH2uzAA==
xhAMrfVmnF5ad7fRee1I8tB6FS4cljTNIjUzUbr8QyavqwLrm1gKbRnOq4yO5RNidyRSEe5F2AJSiiOd30f3uFg8ZSoVHg+0lOnJDKAldouc4m+saJKF/040XKWOo5vkqP4Rn79od1+zNA==
ZwtMhA/cAf0X3aeEm3vUqGh0k9Ui5K+E/boqLCINSE0W+2ZujZyL2s0j9bw7J76z+AJzT1idlMb0iOSf2fy+sa3sZMSWT2D0yWKF7q6jAR1WHZdWMzN1U5Z3VVV8/lewGI69I47o5Dn+PyN4SCKpw880T0OzKA==
ZwtMhA/cAf0X3aeEm3vUqGh0k9Ui5K+E/boqLCINSE0W+2ZujZyL2s0j9bw7J76z+AJzT1idlMb0iOSf2fy+sa3sZMSWT2D0yWKF7q6jAR1WHZdWMzN1U5Z3VVV8/lewGI69I47o5Dn+PyN4SCKpw880T0OzKA==
JB0ngOFk5ZJ027kpErqzhEcz+aMeV6UY1a7NueLjzQs7Dyau5q+ofjYkGXqnGX8PHuuQ5jgHKYXppI18o0JUo53SSBcKjYz4S8JQUEmrLp6oGwYxBwIYhFVRZ0obabM+
891WzLftU2pXc/4Kdevea4xOxz0EiXoD8KQgDXaB+JLfSEQAG5S7heMxiu+ClGwUZ8a5UTAbC+HVReE0fkeFHMbExsQ9ib1sqX/YHnOCfCLQGRkAkUdea0MdarMD
YCj77RJ2gAn7af50sKQpct/4242Yog+Y1FQMv6lj2N23iAxpRuYQl1yK33QIqlWVztwMnW77Kwzo1uHHH5And7Mc
mvZ91oiQu2s8AXK1skYHYXlb8XOKT1BNV1WeN1rjXon9wiD0pcPFog0iXxUC0oahrJbMSpCbR48SdtwIOZ/0x8WJbqAWaQK3pDLa297UJ61vJOvLIr4JNv6qQr3D0MsDjINhaVCzOQ==
vJ+iig9bPhK3HhhH7UsSB7HP34SXyalMari1zolv755jAv+qJNzV76bqW7HgrckhZ+lhceyF7vsOtkgbu+oOTQbZ+usQfiV7J1oIZwAzUVtc/FWr0yQdhNInNn5BbGFiNyvHBR8PEwyQKS7H/G734Fi+nRGO2MQJPu+D6MiySRMPxK+zs9g=
p+fFaMxuK+PQLntRVJYIox5hpJUnE6jvXt87ajVlP4YeKiey9ikh7+/oJFluRv0NpHTbBTv037MOfmWOCvoWVf+wF6v4M7UxfLMV
NmLdBC6i5NFfN+wPwF4uizfV4vL36NM2V8nVOpp5U2epHx8aHX/Ntemwg0BOVRSlRuRRb28l1JRBTSVcOzqu3ahyWBdPYmB6teI6BHXZVcwx70Ce6xLkwnhJ0cDZN3aLe21Sszs=
zAxwflqlzq3rDhMFmeIwcfaEJ1eNrSoBhh6IHc/VDwesVF1eWt65kPkuSkoYFZvhkQm2gJ9cU/lIlmdcdNDki7mXkHk3LESdVtL4E/xOt0DY3t0xjvgE6b5PQ8jI0glzj2RvU7M4
iHt2HYE3qzENwPBSLpj0zhd+YCxRRiViWuLBrAkSMvb4qeNdYbXOPF9gK8W4qh9glOycN0kr6MW3kDwhpm6ALxxyz3wo4qUNTkR8VU7zO3QobnFPf1gXb7ME
HmSY67G4oB1tf6kD+zZlJippy9cvmVEZQ08tZlrmybgZBhoS2M3LiTHhBvgfpOOR6H63BDQINKPZv2BBNxS0tTb6KMu8FmeoeLZtyQ6AtAEeJxMQCIpZW29MH2uzAA==
USkSjbOEP66eND4plQjGLQNa5PIeq3ADdE8tZlrmybgZBhoS2M3LiTHhBvgfpOOR6H63BDQINKPZv2BBNxS0tTb6KMu8FmeoeLZtyQ6AtAEeJxMQCIpZW29MH2uzAA==
R7OeAkoWciJymoR4PIhgiHM1mRjFp93noeDaZE02kZyGhEg/f/eJC6qevwaHPwDEy7LEWmB9AfUsh/dWcHt+oPQd7CSTlgCcge9uYpBvNt0vZjiYTUV3RhNtswI=
mMssDa21ZKrriNEV+ejC32h0k9Ui5K+E/boqLCINSE0W+2ZujZyL2s0j9bw7J76z+AJzT1idlMb0iOSf2fy+sa3sZMSWT2D0yWKF7q6jAR1WHZdWMzN1U5Z3VVV8/lewGI69IY7o5Dn+PyN4SCKpw880T0OzKA==
77FW3AGuzKvVVQNb//j0BR5hpJQnE6jvXt87ajVlP4YeKiey9ikh7+/oJFluRv0NpHTbBTv037MJfmWOCvoWVf+wF6v4M7UxfLMV
zzaRD+mg9WOcEQoro9kGY4ChwRkA/XuEIs/oDp5/5QtVJhJtUSGLp8Y875YOWo6N4QoyYBycWERvksilum8eFB/PrYxebvzRqFdhGjegjqGlVCToM34LJ6pVCSdZ0UcpiP52N2esx6j5ZghRitOU5ZtmkAPwoRuNBsthRift5NXz/yA0xvedPG50zgS1WZXMcW8EmquRpMI4yZHAmbe2i7vtkrP7
R6PqjC02B6e/7OlGiZKXR76uz1f88AsPoG0JJhEoLOXnt6NUebrTwLQg4ZYzq1g5vk4pZNiuEefLpMYzYY4HZOnYQkWNMsGZT/YVZj2T1IN3EAJeNl8SNaml1YXdXND5nmAIoNIvKXBMdiILKop1lo/XvYeGY32R3Hr/5EiatUHKjG+trmsLfGjmAVdf4Iens8w=
R6PqjC02B6e/7OlGiZKXR76uz1f88AsPoG0JJhEoLOXnt6NUebrTwLQg4ZYzq1g5vk4pZNiuEefLpMYzYY4HZOnYQkWNMsGZT/YVZj2T1IN3EAJeNl8SNaml1YXdXND5nmAIoNIvKXBMdiILKop1lo/XvYeGY32R3Hr/5EiatUHKjG+trmsLfGjmAVdf4Iens8w=
Ayi0081xmVKI9D2zjIEwUDT2+FW7pmre2fVRTaACL1wk9Ctly7Qv0xp6da06uqb1TzCHC6jz5dEMs2U=
6EVkQo+RALn1ipSCNVgEaYYgOMJxdxrhIlhu8h+NTGC7inBoGUeqRpsT5kmXqlicJZnH8ssBs2Y=
1QJbYsY5ummvM/UHb7I2SSK+nk3JuKcSZCdIdoVVWUhaL43q/6pnLjx9zs8XjtT9fmIfIuwqj6DDom1EPffV+ozw9e0+aYJk0SHpvH0ngN6v2SjyBHE14L0vapt3ZVazPw==
RahQA5QcbKCcTY95hyCu7ufE4ee35Nd6Qizfw/8mKU/fhZjtWfXl0Zs+jDfpDyAuxpOycL4NbYL81qhPWkVMgPsq8MjZJ64mW7Nm6ddKWHxlOUdSC2GzBg==
x0fheb213SPI1EZqSavqPTg9mQLdoN3br+jXfkA00LTHyglrN7noOYG5pRXTYlyDkaPASm5vAuQmge0GdEo4u+Ip7CSTlgCcgetuYpNvNt0vZjiYTUV3RhNtswI=
T607mqGtAA9pHK3VcRYiWrHP34SXyalMari1zolv755jAv+qJNzV76bqW7HgrckhZ+lhceyF7vsOtkgbu+oOTQbZ+usQfiV7J1oIZwAzUVtc/FWr0yQdhNInNn5BbGFiNyvHBR8PEwyQKS7H/G734Fi+nRWO2McJPu+D6MiySRMPxK+zs9g=
mEy/BsfE90LRY7IV18MxvbHQtwv4kT9tqZe5DnEMf43z8SRhZDxKs0iVQg23MLhriqiVSAImBwTgzSEab8SQiDD0S6VrNI+T+n5VbVo6xjVvMGdLSHNFEWyzBQ==
YdlTaPYwJltHbdDbf2qVVGh0nd0muqqD4O1+I210aWUs01VBvrWL28Fiurt+NKek5QNzRlfUlML4tqv02fGz37DrfbeFX2f01CHd/fCwSil6VrpvLWxgfNB5Tld8/lewGI69JY7o5zn+PyN4SCKpw880T0OzKA==
ofQoDDdaQqLwXDqVvsD/3OeJI0C/qjkAmFOWGfjOHRuoR1NWV8S0krgGCwRZQdOv8Dudp4VPB6QU0T1NcMDqmbqGmn8tfECsEMnuJ/xOt0DY3t01jvgH6b5PQ8jI0glzj2RvU7M4
0CguYa6ceeGB3rQh267zAsClSQBGp2K9RoVZOq2YPcPf0NdGMAwwjLfyydNHAQiB8QElraPavDvhGwByHlfi3Fa57T4EctiDkhEsnOMu4CTxU+7a49fWZV/e+KA9fZd+Y1WzOg==
y7aJG2Ys+dM2g+Yv62lDGqMTfyABInpHMJIFRoi/yFgLM7N6a7PX/UapSgRVmbVMUS9kngtRRELYCTHA+ffWC5stcrMb
ACujbeHZbehj2Hnng386W5wFinpShUtEvq4hDSOE/4nRUkElUpK3nMVBh6C58gJnOILtBiBPQPjTQ6t6c0OPXc7Z4sQ9ib1sqX/cHnOBfCLQGRkAkUdea0MdarMD
/Y/FhAtWyqHT8l5yuzs1UqATfyABInpHMJIFRoi/yFgLM7N6a7PX/UapSgRVmbVMUS9kngtRRELYCTHA+ffWC5stcrMb
lCZQFFCMbxhPlar7cwEmymFoxckpnlAvQ2wjblf8xLpYLltcmZmDx1DTLd8Ft7fMtDntFTAYOrHarmpHLUSwhHDhPv+8FmeoeLZtzQ6AtwEeJxMQCIpZW29MH2uzAA==
0qUSZxjE0t16mmYyF9uLyUlzuORKQqID0bPN/afs10I4ACCYr+7pN29tOHXJfWVpa5bs7zlHYNb2+5JorgVtuoz+SBcKjYz4S8JQUEmvLp6rGwYxBwIYhFVRZ0obabM+
YFlyZbCvYb5uUceCuoXDfgmPUR1xr/1Rd5fq9cP/PZ2Rl4H+SWxXfbux7LHMXNIj0BXanS+QULvC6F14agb/NJjN2SoX5Hi4eDSD9QOUFwNi/s39wtpuZSfwrztgk31hVLM9
w7iq61pIZq/zaBBP8AkoIXiygAqM+6AnKG1fe6cZExcDesPk3ekpIX4lpvQ4h7K1ODlFOLpvkLiPrCBONfDajZvu3awybKpk0SHpvH0ngN6v2SjyBHE14L0vapt3ZVazPw==
3kUVfLo/VtnkAtI/DC11sMYhfYpiYU7nI2UnvF6QTGC7inBoGUeuRpsT5kmXqlicJZnH8ssBs2Y=
5DQInUr4XA9OnQCQdWTr/Q3Tx2Zoi80D+u3OY6v5twjmPOwEU/aAPMELboLTz7a970Y4uA2l9+bTDbNi
YSvnXDkRmVBd1GjrHRgi8Q3T1mdvm80D+u3OY6v5twjmPOwEU/aAPMELboLTz7a970Y4uA2l9+bTDbNi
OMtnqFXyFfchDm9uzCPFXBdKrr7LGP17yhXGDaJ+v+FSXLCiwbw+rvYhdsPpmMek6THhnCXXKF5HaXASDGHNoOXf4juPNX6zFw==
RlN30PU9Uf7bq2jmunzOvMYhfYpiYU7nI2UnvF2QTGC7inBoGUeuRpsT5kmXqlicJZnH8ssBs2Y=
jbFTq3ZS4ueLn2TxgozphA3T1mdvm80D+u3OY6v5twjlPOwEU/aAPMELboLTz7a970Y4uA2l9+bTDbNi
2ff7Goeywm1LvlwJP6j54hVKrr7LGP17yhXGDaJ+v+FSXLCiwbw+rvYhdsPpm8ek6THhnCXXKF5HaXASDGHNoOXf4juPNX6zFw==
DHw+0XpkWAOZOc77b7/47U9HLotg+inc5+JQUtnnZD4Wn9lGBYFXcBZELHyjjmBEMXPu+iO3VsUfPvjA/d0XniN1sxo=
tDaZICe+8CFMDFyI+imYmX0im45uygxkFSoxJwygkvsFTEpfj4iA1SikQ/Jb/6SP6CrmTCYSOaHcrGpBGRzxl3+yesq8FmeoeLZtzQ6AtwEeJxMQCIpZW29MH2uzAA==
pWG6IxPS7VlnEOQVRQB++JexnIyf9l7Qxk4Bvaxw0t2ZgElLD65CllyK33QIqlWRztwPnW77Kwzo1uHHH5And7Mc
jv0xQO1mMdYkLwrOG13AQ09HLotg+inc5+JQUtnnZD4Wn9lGB4FXcBVELHyjjmBEMXPu+iO3VsUfPvjA/d0XniN1sxo=
1O1h7JLIYJwzRgdEL7htMH0im45uygxkFSoxJwygkvsFTEpfj4iA1SikQ/Jb/6SP6CrmTCYSOaHcrGpBGRzzl3+yecq8FmeoeLZtzQ6AtwEeJxMQCIpZW29MH2uzAA==
8PyIL9Dvf6xHI70LzgC0ipexnIyf9l7Qxk4Bvaxw0t2ZgEtLD65BllyK33QIqlWRztwPnW77Kwzo1uHHH5And7Mc
3obOxzEzQEjw9Mnq5YTiHH0im45uygxkFSoxJwygkvsGTEpfj4iA1SikQ/Jb/6SP6CrmTCYSOaHcrGpBGRzxl3+yesq8FmeoeLZtzQ6AtwEeJxMQCIpZW29MH2uzAA==
3obOxzEzQEjw9Mnq5YTiHH0im45uygxkFSoxJwygkvsGTEpfj4iA1SikQ/Jb/6SP6CrmTCYSOaHcrGpBGRzxl3+yesq8FmeoeLZtzQ6AtwEeJxMQCIpZW29MH2uzAA==
pWG6IxPS7VlnEOQVRQB++JexnIyf9l7Qxk4Bvaxw0t2ZgElLD65CllyK33QIqlWRztwPnW77Kwzo1uHHH5And7Mc
gIs9YLm2imit2Ibuv9x47dxkO9p/Zxqxf2UnvF2QTGC7inBoGUeuRpsT5kmXqlicJZnH8ssBs2Y=
7KXq+XoCPKIXuix9ijRG+q2a40KsyWRj+8ziRCVWAY3s/zVickIizzaeS1rgZKszk/jVTxIgBQTm+XlZfMvDzwX0S6VrNI+T+n5VbVo6xjVvMGdLSHNFEWyzBQ==
jv0xQO1mMdYkLwrOG13AQ09HLotg+inc5+JQUtnnZD4Wn9lGB4FXcBVELHyjjmBEMXPu+iO3VsUfPvjA/d0XniN1sxo=
1O1h7JLIYJwzRgdEL7htMH0im45uygxkFSoxJwygkvsFTEpfj4iA1SikQ/Jb/6SP6CrmTCYSOaHcrGpBGRzzl3+yecq8FmeoeLZtzQ6AtwEeJxMQCIpZW29MH2uzAA==
2d1zTTNDZ3aIkmKiNViBL6JwMCNVdjQUddxNTsH3zFgbOLg5J+Xisx3zWwRVmbVMUS9kngtRRELYCTHA+ffWC5stcrMb
JKxefoQV/89SYsX4RjPQqHcpm45uygxkFSoxJwygkvsETEtAl4mfyS+kQ/Jb/6SP6CrmTCYSOaHcrGpBGRzzl3+yecq8FmeoeLZtzQ6AtwEeJxMQCIpZW29MH2uzAA==
wUIF3pPxRGAebLCJt1j4BqJzMCNVdjQUddxNTsH3zFgbOLg5J+Xisx3zWwRVmbVMUS9kngtRRELYCTHA+ffWC5stcrMb
McbXtL4qfHSskTVi/pxbvX8vmI5uygxkFSoxJwygkvsETEtDl4mcyS+kQ/Jb/6SP6CrmTCYSOaHcrGpBGRzzl3+yecq8FmeoeLZtzQ6AtwEeJxMQCIpZW29MH2uzAA==
VeQrTYHI7vEIbwCW81nWpqJyMCNVdjQUddxNTsH3zFgbOLg5J+Xisx3zWwRVmbVMUS9kngtRRELYCTHA+ffWC5stcrMb
ySxUbzlNxicEC0J2dqJ+BHcvmI5uygxkFSoxJwygkvsETEtCl4mdyS+kQ/Jb/6SP6CrmTCYSOaHcrGpBGRzzl3+yecq8FmeoeLZtzQ6AtwEeJxMQCIpZW29MH2uzAA==
fW4qESTM56TYrk4jpw2LkkWjbugJJCmupW9QyJewPLmjbW4jgWu/ZLHhSTydZ6DezxmIcuQxFeDd78oblyV2sx8=
DJs6M9dsa7s5LlOo/hGJ9XXD/eBgeP3BXAwqoRn8szf/0rnqvPYnCPjWre0OoPfhnofTcAiqGbvv7N8Ls2A=
AQx28m8i/vhbZiN2kytNVpjb2QcSyvN4ZQ6cehTV2pM1wxPEHUkd7Mm//B6TwdyisNl5ALEHvuvj3QqzYw==
8pBPeFMaynO/WRl4fVRZYHOqtAaloCPC2rpSGZxLYw8l9Ctly7Qv0xp+da06uqb1TzCHC6jz5dEMs2U=
hmW7qKMzfoTju0PpdYiQKByawmsgiIQA4PuaNff5twjlPOwEU/aAPMELboLTz7a970Y4uA2l9+bTDbNi
Tq9kIwnUNP7B1Xt4893mp30sKx7xI378uBwUjGh/GsmPDcfkjdiM2Asi0PCJzy6+6/uGkcdiGKQVsefq2wmzHg==
1qmbHZtO2TYs5rqBOqisOQHlJ6IZdCC8oisX1p62IPqobW4jgWu/ZLHhSTydZ6DezxmIcuQxFeDd78oblyV2sx8=
yjc5Mt/lawCSSnDxxyFpcnwrPFzyfnb8tQsUym5jWcKNDcfkjtiM2Asi0PCJzy6+6/uGkcdiGKQVsefq2wmzHg==
r1SZCbpmDy+EpMWdvCvTCgPkJ6MfNi76+3MXxp+3I/qob24jgWi/ZLHhSTydZ6DezxmIcuQxFeDd78oblyV2sx8=
xSSpehMgKggzalKCfFx5fVqx+kifPJNZyHKlMnTwpCs591BZNwyE/dZyuDP8LnegWH4dVY4YR0k+LwMoyPLJ0w+EL3OzGA==
2i/tEHFedcjwu05zEqevF1qx+kifPJNZyHanPHTwpCs591BZNwyE/dZyuDP8LnegWH4dVY4YR0k+LwMoyPLJ0w+EL3OzGA==
pIgQShYYj1C/hLHwcA4kwXlb8XOKT1BNV1WeN1rjXon9wiD0pcPFog0iXxUC0oahrJbMSpCbR48SdtwIOZ/0x8WJbqAWaQK3pDLa297UJ61vJOvLJr4JNf6qQr3D0MsDjINhaVCzOQ==
A0n1J2I2pu0THJuNYaq0ipdW/wLJQ/Agt/t9Y47JX////zl11i4dZHk0Y7VjFLdDgv7tPaJaziUH8M/7wBOdIXSzHQ==
AKPgYiQj/a5C95iGb569Hyt+wtMykVcsAHFmeXa1xbdeJFtcmZmDx1DTLd8Ft7fMtDntFTAYOrHarmpHLUSwhHDhPv+8FmeoeLZtzQ6AtwEeJxMQCIpZW29MH2uzAA==
WJXQ3kDr3rS2e+ZEsm3YEzT2+FW7pmre2fVRTaACL1wk9Ctly7Qv0xp+da06uqb1TzCHC6jz5dEMs2U=
PRjn3+vgBH8U/+5amwM7AYYgOMJxdxrhIlhu8h+NTGC7inBoGUeuRpsT5kmXqlicJZnH8ssBs2Y=
fNLIGrlNIhmnmyx3TByU/lOXRF81+/B9O8zp/tDwQ4zGyMf7RmB4cvTkhOiFVLsf9keagXnIDPuduAQzcQD9ep7uiT04omesTDSD9QOUFwNi+M37xdpuZSfwrztgk31hVLM9
6EVFNJ2BCdELl1CsAEKM2UBY57EaGfju69qE7H6N0/6l2Ic8qKxC2ru8UZVJNOLfIxsoz6PK2ERMTFwNekdZbx9lGI0Z1eXx214M1ykvIA4GczIQ/i1tory2KK+aZUygO8pwqJkHqAYd1OYJF2pYXKXZxzJLQbMm
ieFtFAJA6cdNKuAqopGbg/1sPNsSDvzDmmqNzO6n17s1vl+yx5GbdfQ3X7rqEcTkNmUJGAkWOyhc1Pzxiv2KhCSvRnWMUdmIVrek2JuUzJ6JmE4NDwZh/F5UvoTleYUM4c80mNv3MwIoKUFAKdfGywtNQrMr
jixtvWsVfqyl/1MmgX1NG7dENzzUU1bMxmkh2Q8SFiNiulUMVheP213O1zJPITPVLMenejLB/MQedQEYAQYTCGQEJDFyDVIkjB/O9QQhsegOBxwYQ0Q0fmGIRg0HFgmcJgTmxF3JXewJP7wYU0ebonBZOQBxh/7rI11KsyM=
zUdTiM2/RHuBym58DHcjLBJCnBRgd5Q9WaTFKVrWRVt6ayjuB1wEQyVz92p1ku2FmX2GUzXqoFV2TJTxg5iDgpmA7pC2oeCZ+Iwmu2xVpoUbQKRTTkgREH42K8wETUVSQ9RsULSUD513xCMbnjhxY7GKWk0rEGOT9OMpWUizIQ==
i4khDF4t6HNad1o40M3DH79Z2zFtl0ZGRQtAnn8cXBON00/a/RJldWGdboPtKphlXmyM4YuYi5KBoMagjmE4SRBs3kvk1S41o+AMAxYIaWAWVjPcDE1NQls0hKBMVNdN32Sbqxa4+RPJ6jIdc1Bbo9zDMUlAsyk=
Z0QZPfX1x7EQB2FIqZhgtAtR7bZKDf318szXq2SWxOul2Ic8qKxC2ru8UZVJNOLfIxsoz6PK2ERMTFwNekdZbx9lGI0Z1eXx214M1ykvIA4GczIQ/i1tory2KK+aZUygO8pwqJkHqAYd1OYJF2pYXKXZxzJLQbMm
YWyeZkYvBOfgEyG3HgBXJr9Zxj1rhV1PdQtAnn8cXBON00/a/RJldWGdboPtKphlXmyM4YuYi5KBoMagjmE4SRBs3kvk1S41o+AMAxYIaWAWVjPcDE1NQls0hKBMVNdN32Sbqxa4+RPJ6jIdc1Bbo9zDMUlAsyk=
VozlN2oYVt2gCeR50vD7c3tAobBg9IKBYPinXjPXgEWnp4CT1hL5rPq/24sJlotyE3lnhXivyxpeqYi0ag19GH1+Z3gQbEhRHmUGdNhHkrVYeeW4Wq+wuO/sgM7VMPqNu669LJKsSmTxYYk83edg2I+fT3KksdXgnW8KG9eltrPf
4WKtDBwT0aLImlq+owjeThYP4I+KNwC04x/W2PH7tHbjvOC72YM7orFSKU1VTbprEcqETWpcmPmHmIeKlZDyiJKBxKHEvOpzqJViTdewWKuqqPWI4qanRIDNwdrPRPDI0PRr5Qu0b1PaeDUr/bpmdQ8wR4vo8yVRTLMl
Jk9E+efLas8+2qZNZvDK1xcG/ZiMNEmmsxHK0vS6gDjvpuiu2YM7orFSKU1VTbprEcqETWpcmPmHmIeKlZDyiJKBxKHEvOpzqJViTdewWKuqqPWI4qanRIDNwdrPRPDI0PRr5Qu0b1PaeDUr/bpmdQ8wR4vo8yVRTLMl
0U//r9lJM62pjwaViDTS6zT2+FW7pmre2fVRTaACL1wk9Ctly7Qv0xp4das9uqb1TzCHC6jz5dEMs2U=
lFazLqFmjj38B1fmlZhF24YgOMJxdxrhIlhu8h+NTGC7inBoGUeoRp0U5kmXqlicJZnH8ssBs2Y=
61DRR47NQpfrwcRWxYxDqtG70I+EsA6KxURPr7Y22NeMyQs5SvgaglyK33QIqlWRyNwJmm77Kwzo1uHHH5And7Mc
e6iP/jKAZpkBOceddKEkYFOXRF81+/B9O8zp/tDwQ4zGyMf7RmB4cvTkhOiFVLsf9keagXnIDPuduAQzcQD9ep7uiT04omesTDSD9QOUFwNm+c36xdpuZSfwrztgk31hVLM9
p8H15FZK2xe+dpEPtUFv1UBY57EaGfju69qE7H6N0/6l2Ic8qKxC2ru8UZVJNOLfIxsoz6PK2ERMTFwNekdZbx9lGI0Z1eXx214M1ykvIA4GczIQ/i1tory2KK+aZUygO8pwqJkDqQYc1OYJF2pYXKXZxzJLQbMm
QDDAp0ac3QwH6JlMGQtwJf1sPNsSDvzDmmqNzO6n17s1vl+yx5GbdfQ3X7rqEcTkNmUJGAkWOyhc1Pzxiv2KhCSvRnWMUdmIVrek2JuUzJ6JmE4NDwZh/F5UvoTleYUM4c8wmdv2MwIoKUFAKdfGywtNQrMr
72pqXiFt9TlRsr+aNU4Xu7dENzzUU1bMxmkh2Q8SFiNiulUMVheP213O1zJPITPVLMenejLB/MQedQEYAQYTCGQEJDFyDVIkjB/O9QQhsegOBxwYQ0Q0fmGIRg0HFgmcJgTmxF3JXewJP7gZU0abonBZOQBxh/7rI11KsyM=
x93/IwpnFT9p80TX4lr70hJCnBRgd5Q9WaTFKVrWRVt6ayjuB1wEQyVz92p1ku2FmX2GUzXqoFV2TJTxg5iDgpmA7pC2oeCZ+Iwmu2xVpoUbQKRTTkgREH42K8wETUVSQ9RsULSUD513xCMbmjlxYrGKWk0rEGOT9OMpWUizIQ==
O4lBOzYW1YEgLorK5C8Y6L9Z2zFtl0ZGRQtAnn8cXBON00/a/RJldWGdboPtKphlXmyM4YuYi5KBoMagjmE4SRBs3kvk1S41o+AMAxYIaWAWVjPcDE1NQls0hKBMVNdN32SbqxK5+RLJ6jIdc1Bbo9zDMUlAsyk=
YVniAocGDXy7qN50346W3AtR7bZKDf318szXq2SWxOul2Ic8qKxC2ru8UZVJNOLfIxsoz6PK2ERMTFwNekdZbx9lGI0Z1eXx214M1ykvIA4GczIQ/i1tory2KK+aZUygO8pwqJkDqQYc1OYJF2pYXKXZxzJLQbMm
Blbc5v45zwHzSH04gFoLUL9Zxj1rhV1PdQtAnn8cXBON00/a/RJldWGdboPtKphlXmyM4YuYi5KBoMagjmE4SRBs3kvk1S41o+AMAxYIaWAWVjPcDE1NQls0hKBMVNdN32SbqxK5+RLJ6jIdc1Bbo9zDMUlAsyk=
kd+VnC/UPzSzoxDxbv/6H3tAobBg9IKBYPinXjPXgEWnp4CT1hL5rPq/24sJlotyE3lnhXivyxpeqYi0ag19GH1+Z3gQbEhRHmUGdNhHkrVYeeW4Wq+wuO/sgM7VMPqNu669LJKsSmTxYYk83edk2Y+eT3KksdXgnW8KG9eltrPf
yrnylewOnK+aT9/Z59batxYP4I+KNwC04x/W2PH7tHbjvOC72YM7orFSKU1VTbprEcqETWpcmPmHmIeKlZDyiJKBxKHEvOpzqJViTdewWKuqqPWI4qanRIDNwdrPRPDI0PRr5Qu0b1PeeTUq/bpmdQ8wR4vo8yVRTLMl
p1SgT/FemZ38RtKJiLcVwRcG/ZiMNEmmsxHK0vS6gDjvpuiu2YM7orFSKU1VTbprEcqETWpcmPmHmIeKlZDyiJKBxKHEvOpzqJViTdewWKuqqPWI4qanRIDNwdrPRPDI0PRr5Qu0b1PeeTUq/bpmdQ8wR4vo8yVRTLMl
62+lgsAwraI3sfNx1Ts9kzT2+FW7pmre2fVRTaACL1wk9Ctly7Qv0x55dao9uqb1TzCHC6jz5dEMs2U=
vDyM28Jtw0AZ7A1de/9FTIYgOMJxdxrhIlhu8h+NTGC7inBoGUOpRpwU5kmXqlicJZnH8ssBs2Y=
FDPMIlt5Zra3woLSDBJW4dG70I+EsA6KxURPr7Y22NeMyQs5SvgaglyK33QIqlWVydwImm77Kwzo1uHHH5And7Mc
RAyvSPKHapxKLcxhmTnVF1OXRF81+/B9O8zp/tDwQ4zGyMf7RmB4cvTkhOiFVLsf9keagXnIDPuduAQzcQD9ep7uiT04omesTDSD9QOUFwNi+c36xdpuZSfwrztgk31hVLM9
ILQaC4yvT7Iz+trXhYSJoEBY57EaGfju69qE7H6N0/6l2Ic8qKxC2ru8UZVJNOLfIxsoz6PK2ERMTFwNekdZbx9lGI0Z1eXx214M1ykvIA4GczIQ/i1tory2KK+aZUygO8pwqJkHqQYc1OYJF2pYXKXZxzJLQbMm
zthbFTEngPtgh3UQjoT+jv1sPNsSDvzDmmqNzO6n17s1vl+yx5GbdfQ3X7rqEcTkNmUJGAkWOyhc1Pzxiv2KhCSvRnWMUdmIVrek2JuUzJ6JmE4NDwZh/F5UvoTleYUM4c80mdv2MwIoKUFAKdfGywtNQrMr
TqVCx0b/mZQYFYrKhAUnI7dENzzUU1bMxmkh2Q8SFiNiulUMVheP213O1zJPITPVLMenejLB/MQedQEYAQYTCGQEJDFyDVIkjB/O9QQhsegOBxwYQ0Q0fmGIRg0HFgmcJgTmxF3JXewJP7wZU0abonBZOQBxh/7rI11KsyM=
JIksSnEE6fVZioNVWEjUWxJCnBRgd5Q9WaTFKVrWRVt6ayjuB1wEQyVz92p1ku2FmX2GUzXqoFV2TJTxg5iDgpmA7pC2oeCZ+Iwmu2xVpoUbQKRTTkgREH42K8wETUVSQ9RsULSUD513xCMbnjlxYrGKWk0rEGOT9OMpWUizIQ==
42nSv4X+uNnOXWwHKHQEu79Z2zFtl0ZGRQtAnn8cXBON00/a/RJldWGdboPtKphlXmyM4YuYi5KBoMagjmE4SRBs3kvk1S41o+AMAxYIaWAWVjPcDE1NQls0hKBMVNdN32Sbqxa5+RLJ6jIdc1Bbo9zDMUlAsyk=
T0ZM9Wxc6ECSSkM/qwW24AtR7bZKDf318szXq2SWxOul2Ic8qKxC2ru8UZVJNOLfIxsoz6PK2ERMTFwNekdZbx9lGI0Z1eXx214M1ykvIA4GczIQ/i1tory2KK+aZUygO8pwqJkHqQYc1OYJF2pYXKXZxzJLQbMm
QKGeLHA8qibXal0Tcpxe779Zxj1rhV1PdQtAnn8cXBON00/a/RJldWGdboPtKphlXmyM4YuYi5KBoMagjmE4SRBs3kvk1S41o+AMAxYIaWAWVjPcDE1NQls0hKBMVNdN32Sbqxa5+RLJ6jIdc1Bbo9zDMUlAsyk=
VFicR+Opzg49NTC+KBq4BXtAobBg9IKBYPinXjPXgEWnp4CT1hL5rPq/24sJlotyE3lnhXivyxpeqYi0ag19GH1+Z3gQbEhRHmUGdNhHkrVYeeW4Wq+wuO/sgM7VMPqNu669LJKsSmTxYYk83edg2Y+eT3KksdXgnW8KG9eltrPf
C8lxg+8tGkoZIma+R+/PchYP4I+KNwC04x/W2PH7tHbjvOC72YM7orFSKU1VTbprEcqETWpcmPmHmIeKlZDyiJKBxKHEvOpzqJViTdewWKuqqPWI4qanRIDNwdrPRPDI0PRr5Qu0b1PaeTUq/bpmdQ8wR4vo8yVRTLMl
VGzTuXcXHDghUtXmk5V0eRcG/ZiMNEmmsxHK0vS6gDjvpuiu2YM7orFSKU1VTbprEcqETWpcmPmHmIeKlZDyiJKBxKHEvOpzqJViTdewWKuqqPWI4qanRIDNwdrPRPDI0PRr5Qu0b1PaeTUq/bpmdQ8wR4vo8yVRTLMl
GW46YKiuojp8jt93GZwe/DT2+FW7pmre2fVRTaACL1wk9Ctly7Qv0xp5dao9uqb1TzCHC6jz5dEMs2U=
2Y695p/G8xZ3OFPi6qkf0YYgOMJxdxrhIlhu8h+NTGC7inBoGUepRpwU5kmXqlicJZnH8ssBs2Y=
TpRygpGrGVJqCKvEMfTAs9G70I+EsA6KxURPr7Y22NeMyQs5SvgaglyK33QIqlWRydwImm77Kwzo1uHHH5And7Mc
Ug9YQoVqT3Y2g3KUskUsplqx+kifPJNZyHKlMnTwpCs591BZNwyE/dZyuDP8LnegWH4dU4gYQE4+LwMoyPLJ0w+EL3OzGA==
YyFe44XB2J2HzoAby5HOr0k//dh9S5m9HI9UWBoMYcpdbX/3rXkj6bf0KGtzBOAogHTbBTv037MMeGWKDfoWVf+wF6v4M7UxfLMV
5IlqBiadHLIbfS5dG51dwjT2+FW7pmre2fVRTaACL1wk9Ctly7Qv0xx4dao9uqb1TzCHC6jz5dEMs2U=
1LZgYb4eEzBUWETUrtUlSoYgOMJxdxrhIlhu8h+NTGC7inBoGUGoRpwU5kmXqlicJZnH8ssBs2Y=
5IlqBiadHLIbfS5dG51dwjT2+FW7pmre2fVRTaACL1wk9Ctly7Qv0xx4dao9uqb1TzCHC6jz5dEMs2U=
1LZgYb4eEzBUWETUrtUlSoYgOMJxdxrhIlhu8h+NTGC7inBoGUGoRpwU5kmXqlicJZnH8ssBs2Y=
pNwqeytqjn3Yfj5mVzYS+3M1mRjFp93noeDaZE02kZyGhEg/f/eJC6qevwaHPwDAybzEWmB9AfUsh/dWcHt+oPQd7CSTlgCcge1oYpRoNt0vZjiYTUV3RhNtswI=
oL+Y1NQk/w52l3+LIOlSMgNa5PIeq3ADdE8tZlrmybgZBhoS2M3LiTHhBvgfpOOR6Hq1CjQINKPZv2BBNxS0tTb6KMu8FmeoeLZtywiAsAYeJxMQCIpZW29MH2uzAA==
y6Ej/a9oiYn032FfEvXExyppy9cvmVEZQ08tZlrmybgZBhoS2M3LiTHhBvgfpOOR6Hq1CjQINKPZv2BBNxS0tTb6KMu8FmeoeLZtywiAsAYeJxMQCIpZW29MH2uzAA==
8s5FzN7C9hlcmJvzW6sWnhd+YCxRRiViWuLBrAkSMvb4qeNdYbXOPF9gK8W4rh1ulOycN0kr6MW3kDwhpm6ALxxyz3wo4qUPSER4Uk7zO3QobnFPf1gXb7ME
gouI+6YOkORCnLz944jyofaEJ1eNrSoBhh6IHc/VDwesVF1eWt65kPkuSkoYFZvhkQm2gJ9cU/lIkmVSdNDki7mXkHk3LESdVtL4E/xOt0DY3t0ziPgA7r5PQ8jI0glzj2RvU7M4
UiCcSeyS1DRGUsbf2JdGTTfV4vL36NM2V8nVOpp5U2epHx8aHX/Ntemwg0BOVRSlRuRRb28l1JRFTytcOzqu3ahyWBdPYmB6teI6BHXZVcwx70KY6xbjwnhJ0cDZN3aLe21Sszs=
A/6a4Tptr48eHIBL2s2Usc74Ak0Pv2iwEo9IPLacKMzf0tFbdAoxqeO+h5oHUyKTn2U/y9anwDLgWEkoAQj9yFv+1CcVXtiDkhEsnOMu4CTxVuja5NDWZV/e+KA9fZd+Y1WzOg==
utRlsjiEi7VL7IvAIFS70e3Gqw31jDM+uon+BXMQWs7wtWUvJQdpky/bDlCkP+wtk6yVAxsnDAn68zVKXpu4hRL0S6VrNI+T/3hVal06xjVvMGdLSHNFEWyzBQ==
8ekouyl/dPqlsBinzNSHGS/O4PUwNKDVFRghuAix0xWynNv7vPYnCPjWregIoPDmnofTcAiqGbvv7N8Ls2A=
8ekouyl/dPqlsBinzNSHGS/O4PUwNKDVFRghuAix0xWynNv7vPYnCPjWregIoPDmnofTcAiqGbvv7N8Ls2A=
CI6oC2v8b2V6cdbOoRjUnbwlOicGazQUM98DRsG9zF4xdvp6QJD+2h3oPRFH2/cfTX02zFYIOx2EUFew5LLWA7ZjeeZy
